..\example\fitD.ilk
..\example\fitD.pdb
C:\USERS\TOM\DOCUMENTS\VISUAL STUDIO 2010\PROJECTS\ASMLIBRARY-WIN-6.0\EXAMPLE\BUILDD.EXE
C:\USERS\TOM\DOCUMENTS\VISUAL STUDIO 2010\PROJECTS\ASMLIBRARY-WIN-6.0\EXAMPLE\BUILDD.ILK
C:\USERS\TOM\DOCUMENTS\VISUAL STUDIO 2010\PROJECTS\ASMLIBRARY-WIN-6.0\EXAMPLE\BUILDD.PDB
C:\USERS\TOM\DOCUMENTS\VISUAL STUDIO 2010\PROJECTS\ASMLIBRARY-WIN-6.0\EXAMPLE\FITD.EXE
C:\USERS\TOM\DOCUMENTS\VISUAL STUDIO 2010\PROJECTS\ASMLIBRARY-WIN-6.0\EXAMPLE\FITD.ILK
C:\USERS\TOM\DOCUMENTS\VISUAL STUDIO 2010\PROJECTS\ASMLIBRARY-WIN-6.0\EXAMPLE\FITD.PDB
C:\Users\tom\Documents\Visual Studio 2010\Projects\asmlibrary-win-6.0\msvc\..\example\fitD.exe
C:\USERS\TOM\DOCUMENTS\VISUAL STUDIO 2010\PROJECTS\ASMLIBRARY-WIN-6.0\TEMP\D\BUILD.EXE.EMBED.MANIFEST
C:\USERS\TOM\DOCUMENTS\VISUAL STUDIO 2010\PROJECTS\ASMLIBRARY-WIN-6.0\TEMP\D\BUILD.EXE.EMBED.MANIFEST.RES
C:\USERS\TOM\DOCUMENTS\VISUAL STUDIO 2010\PROJECTS\ASMLIBRARY-WIN-6.0\TEMP\D\BUILD.EXE.INTERMEDIATE.MANIFEST
C:\Users\tom\Documents\Visual Studio 2010\Projects\asmlibrary-win-6.0\temp\d\build_manifest.rc
C:\Users\tom\Documents\Visual Studio 2010\Projects\asmlibrary-win-6.0\temp\d\cl.command.1.tlog
C:\Users\tom\Documents\Visual Studio 2010\Projects\asmlibrary-win-6.0\temp\d\CL.read.1.tlog
C:\Users\tom\Documents\Visual Studio 2010\Projects\asmlibrary-win-6.0\temp\d\CL.write.1.tlog
C:\USERS\TOM\DOCUMENTS\VISUAL STUDIO 2010\PROJECTS\ASMLIBRARY-WIN-6.0\TEMP\D\DEMO_BUILD.OBJ
C:\USERS\TOM\DOCUMENTS\VISUAL STUDIO 2010\PROJECTS\ASMLIBRARY-WIN-6.0\TEMP\D\DEMO_FIT.OBJ
C:\USERS\TOM\DOCUMENTS\VISUAL STUDIO 2010\PROJECTS\ASMLIBRARY-WIN-6.0\TEMP\D\FITD.EXE.EMBED.MANIFEST
C:\USERS\TOM\DOCUMENTS\VISUAL STUDIO 2010\PROJECTS\ASMLIBRARY-WIN-6.0\TEMP\D\FITD.EXE.EMBED.MANIFEST.RES
C:\USERS\TOM\DOCUMENTS\VISUAL STUDIO 2010\PROJECTS\ASMLIBRARY-WIN-6.0\TEMP\D\FITD.EXE.INTERMEDIATE.MANIFEST
C:\Users\tom\Documents\Visual Studio 2010\Projects\asmlibrary-win-6.0\temp\d\fitD_manifest.rc
C:\Users\tom\Documents\Visual Studio 2010\Projects\asmlibrary-win-6.0\temp\d\link.1412.read.1.tlog
C:\Users\tom\Documents\Visual Studio 2010\Projects\asmlibrary-win-6.0\temp\d\link.1412.write.1.tlog
C:\Users\tom\Documents\Visual Studio 2010\Projects\asmlibrary-win-6.0\temp\d\link.1412-cvtres.read.1.tlog
C:\Users\tom\Documents\Visual Studio 2010\Projects\asmlibrary-win-6.0\temp\d\link.1412-cvtres.write.1.tlog
C:\Users\tom\Documents\Visual Studio 2010\Projects\asmlibrary-win-6.0\temp\d\link.1660.read.1.tlog
C:\Users\tom\Documents\Visual Studio 2010\Projects\asmlibrary-win-6.0\temp\d\link.1660.write.1.tlog
C:\Users\tom\Documents\Visual Studio 2010\Projects\asmlibrary-win-6.0\temp\d\link.1660-cvtres.read.1.tlog
C:\Users\tom\Documents\Visual Studio 2010\Projects\asmlibrary-win-6.0\temp\d\link.1660-cvtres.write.1.tlog
C:\Users\tom\Documents\Visual Studio 2010\Projects\asmlibrary-win-6.0\temp\d\link.command.1.tlog
C:\Users\tom\Documents\Visual Studio 2010\Projects\asmlibrary-win-6.0\temp\d\link.read.1.tlog
C:\Users\tom\Documents\Visual Studio 2010\Projects\asmlibrary-win-6.0\temp\d\link.write.1.tlog
C:\Users\tom\Documents\Visual Studio 2010\Projects\asmlibrary-win-6.0\temp\d\link-cvtres.read.1.tlog
C:\Users\tom\Documents\Visual Studio 2010\Projects\asmlibrary-win-6.0\temp\d\link-cvtres.write.1.tlog
C:\Users\tom\Documents\Visual Studio 2010\Projects\asmlibrary-win-6.0\temp\d\mt.command.1.tlog
C:\Users\tom\Documents\Visual Studio 2010\Projects\asmlibrary-win-6.0\temp\d\mt.read.1.tlog
C:\Users\tom\Documents\Visual Studio 2010\Projects\asmlibrary-win-6.0\temp\d\mt.write.1.tlog
C:\Users\tom\Documents\Visual Studio 2010\Projects\asmlibrary-win-6.0\temp\d\rc.command.1.tlog
C:\Users\tom\Documents\Visual Studio 2010\Projects\asmlibrary-win-6.0\temp\d\rc.read.1.tlog
C:\Users\tom\Documents\Visual Studio 2010\Projects\asmlibrary-win-6.0\temp\d\rc.write.1.tlog
C:\Users\tom\Documents\Visual Studio 2010\Projects\asmlibrary-win-6.0\temp\d\vc100.idb
C:\USERS\TOM\DOCUMENTS\VISUAL STUDIO 2010\PROJECTS\ASMLIBRARY-WIN-6.0\TEMP\D\VC100.PDB
C:\USERS\TOM\DOCUMENTS\VISUAL STUDIO 2010\PROJECTS\ASMLIBRARY-WIN-6.0\TEMP\D\VIDEO_CAMERA.OBJ
C:\USERS\TOM\DOCUMENTS\VISUAL STUDIO 2010\PROJECTS\ASMLIBRARY-WIN-6.0\TEMP\D\VJFACEDETECT.OBJ
