C:\ASMLIBRARY\ASMLIB-OPENCV\BUILD\ASM.DIR\DEBUG\AFREADER.OBJ
C:\ASMlibrary\asmlib-opencv\build\asm.dir\Debug\asm.write.1.tlog
C:\ASMLIBRARY\ASMLIB-OPENCV\BUILD\ASM.DIR\DEBUG\ASMMODEL.OBJ
C:\ASMlibrary\asmlib-opencv\build\asm.dir\Debug\cl.command.1.tlog
C:\ASMlibrary\asmlib-opencv\build\asm.dir\Debug\CL.read.1.tlog
C:\ASMlibrary\asmlib-opencv\build\asm.dir\Debug\CL.write.1.tlog
C:\ASMlibrary\asmlib-opencv\build\asm.dir\Debug\custombuild.command.1.tlog
C:\ASMlibrary\asmlib-opencv\build\asm.dir\Debug\custombuild.read.1.tlog
C:\ASMlibrary\asmlib-opencv\build\asm.dir\Debug\custombuild.write.1.tlog
C:\ASMlibrary\asmlib-opencv\build\asm.dir\Debug\lib.command.1.tlog
C:\ASMlibrary\asmlib-opencv\build\asm.dir\Debug\Lib.read.1.tlog
C:\ASMlibrary\asmlib-opencv\build\asm.dir\Debug\Lib.write.1.tlog
C:\ASMlibrary\asmlib-opencv\build\asm.dir\Debug\Lib-link.read.1.tlog
C:\ASMlibrary\asmlib-opencv\build\asm.dir\Debug\Lib-link.write.1.tlog
C:\ASMLIBRARY\ASMLIB-OPENCV\BUILD\ASM.DIR\DEBUG\MODELFILE.OBJ
C:\ASMLIBRARY\ASMLIB-OPENCV\BUILD\ASM.DIR\DEBUG\MODELIMAGE.OBJ
C:\ASMLIBRARY\ASMLIB-OPENCV\BUILD\ASM.DIR\DEBUG\SHAPEMODEL.OBJ
C:\ASMLIBRARY\ASMLIB-OPENCV\BUILD\ASM.DIR\DEBUG\SHAPEVEC.OBJ
C:\ASMLIBRARY\ASMLIB-OPENCV\BUILD\ASM.DIR\DEBUG\SIMILARITYTRANS.OBJ
C:\ASMLIBRARY\ASMLIB-OPENCV\BUILD\ASM.DIR\DEBUG\UTIL.OBJ
C:\ASMLIBRARY\ASMLIB-OPENCV\BUILD\CMAKEFILES\GENERATE.STAMP
C:\ASMLIBRARY\ASMLIB-OPENCV\BUILD\DEBUG\ASM.LIB
C:\ASMLIBRARY\ASMLIB-OPENCV\BUILD\DEBUG\ASM.PDB
