C:\ASMLIBRARY\ASMLIB-OPENCV\BUILD\ASM.DIR\RELEASE\AFREADER.OBJ
C:\ASMlibrary\asmlib-opencv\build\asm.dir\Release\asm.write.1.tlog
C:\ASMLIBRARY\ASMLIB-OPENCV\BUILD\ASM.DIR\RELEASE\ASMMODEL.OBJ
C:\ASMlibrary\asmlib-opencv\build\asm.dir\Release\cl.command.1.tlog
C:\ASMlibrary\asmlib-opencv\build\asm.dir\Release\CL.read.1.tlog
C:\ASMlibrary\asmlib-opencv\build\asm.dir\Release\CL.write.1.tlog
C:\ASMlibrary\asmlib-opencv\build\asm.dir\Release\custombuild.command.1.tlog
C:\ASMlibrary\asmlib-opencv\build\asm.dir\Release\custombuild.read.1.tlog
C:\ASMlibrary\asmlib-opencv\build\asm.dir\Release\custombuild.write.1.tlog
C:\ASMlibrary\asmlib-opencv\build\asm.dir\Release\lib.command.1.tlog
C:\ASMlibrary\asmlib-opencv\build\asm.dir\Release\Lib.read.1.tlog
C:\ASMlibrary\asmlib-opencv\build\asm.dir\Release\Lib.write.1.tlog
C:\ASMlibrary\asmlib-opencv\build\asm.dir\Release\Lib-link.read.1.tlog
C:\ASMlibrary\asmlib-opencv\build\asm.dir\Release\Lib-link.write.1.tlog
C:\ASMLIBRARY\ASMLIB-OPENCV\BUILD\ASM.DIR\RELEASE\MODELFILE.OBJ
C:\ASMLIBRARY\ASMLIB-OPENCV\BUILD\ASM.DIR\RELEASE\MODELIMAGE.OBJ
C:\ASMLIBRARY\ASMLIB-OPENCV\BUILD\ASM.DIR\RELEASE\SHAPEMODEL.OBJ
C:\ASMLIBRARY\ASMLIB-OPENCV\BUILD\ASM.DIR\RELEASE\SHAPEVEC.OBJ
C:\ASMLIBRARY\ASMLIB-OPENCV\BUILD\ASM.DIR\RELEASE\SIMILARITYTRANS.OBJ
C:\ASMLIBRARY\ASMLIB-OPENCV\BUILD\ASM.DIR\RELEASE\UTIL.OBJ
C:\ASMLIBRARY\ASMLIB-OPENCV\BUILD\CMAKEFILES\GENERATE.STAMP
C:\ASMLIBRARY\ASMLIB-OPENCV\BUILD\RELEASE\ASM.LIB
